2025-12-16 16:09:55,618 - INFO - âœ… Configuration loaded from /media/phantomcore/AI_DRIVE/AI_Shit_mining/new testing/December 15 production ready bitcoin mining system/config.json
2025-12-16 16:09:55,620 - INFO - âœ… ZMQ configuration loaded from config.json: ['rawblock', 'hashblock']
2025-12-16 16:09:57,416 - INFO - âœ… Brain.QTL file structure initialized via Brainstem
2025-12-16 16:09:57,429 - INFO - âœ… Configuration loaded from /media/phantomcore/AI_DRIVE/AI_Shit_mining/new testing/December 15 production ready bitcoin mining system/config.json
2025-12-16 16:09:57,429 - INFO - ðŸ” Checking Bitcoin node connectivity...
2025-12-16 16:09:57,446 - INFO - ðŸ”„ Fetching fresh block template from Bitcoin node...
2025-12-16 16:09:58,057 - INFO - âœ… Fresh template retrieved:
2025-12-16 16:09:58,058 - INFO -    ðŸ§± Height: 928186
2025-12-16 16:09:58,059 - INFO -    ðŸ“¦ Transactions: 3115
2025-12-16 16:09:58,059 - INFO -    ðŸŽ¯ Target: 0000000000000000...
2025-12-16 16:09:58,059 - INFO -    ðŸ”— Previous: 0000000000000000...
2025-12-16 16:09:58,060 - INFO - ðŸ§¹ Cleaning up temporary files for new template...
2025-12-16 16:09:58,071 - INFO - âœ… No temporary files needed cleaning
2025-12-16 16:09:59,489 - INFO - âœ… GPS enhancement added: target_nonce=1737365436
2025-12-16 16:09:59,920 - INFO - âœ… Template saved to centralized location: /media/phantomcore/AI_DRIVE/AI_Shit_mining/new testing/December 15 production ready bitcoin mining system/Mining/Temporary Template/current_template.json
2025-12-16 16:10:00,344 - INFO - ðŸ§ª ENHANCED SMOKE TEST: Full System Integration
2025-12-16 16:10:00,361 - INFO - âœ… Configuration loaded from /media/phantomcore/AI_DRIVE/AI_Shit_mining/new testing/December 15 production ready bitcoin mining system/config.json
2025-12-16 16:10:00,382 - INFO - âœ… Configuration loaded from /media/phantomcore/AI_DRIVE/AI_Shit_mining/new testing/December 15 production ready bitcoin mining system/config.json
2025-12-16 16:10:00,514 - INFO - âœ… Configuration loaded from /media/phantomcore/AI_DRIVE/AI_Shit_mining/new testing/December 15 production ready bitcoin mining system/config.json
2025-12-16 16:10:00,514 - INFO - ðŸ” Checking Bitcoin node connectivity...
2025-12-16 16:10:00,531 - INFO - ðŸ”„ Fetching fresh block template from Bitcoin node...
2025-12-16 16:10:01,596 - INFO - âœ… Fresh template retrieved:
2025-12-16 16:10:01,600 - INFO -    ðŸ§± Height: 928186
2025-12-16 16:10:01,600 - INFO -    ðŸ“¦ Transactions: 3115
2025-12-16 16:10:01,601 - INFO -    ðŸŽ¯ Target: 0000000000000000...
2025-12-16 16:10:01,601 - INFO -    ðŸ”— Previous: 0000000000000000...
2025-12-16 16:10:01,603 - INFO - ðŸ§¹ Cleaning up temporary files for new template...
2025-12-16 16:10:01,620 - INFO - âœ… No temporary files needed cleaning
2025-12-16 16:10:02,624 - INFO - âœ… GPS enhancement added: target_nonce=1737365436
2025-12-16 16:10:02,760 - INFO - âœ… Template saved to centralized location: /media/phantomcore/AI_DRIVE/AI_Shit_mining/new testing/December 15 production ready bitcoin mining system/Mining/Temporary Template/current_template.json
2025-12-16 16:10:02,771 - INFO - ðŸ“¡ Setting up ZMQ real-time block monitoring...
2025-12-16 16:10:02,879 - INFO - âœ… ZMQ context created successfully
2025-12-16 16:10:02,889 - INFO - ðŸ“¡ ZMQ connected: rawblock -> tcp://127.0.0.1:28333
2025-12-16 16:10:02,892 - INFO - ðŸ“¡ ZMQ connected: hashblock -> tcp://127.0.0.1:28335
2025-12-16 16:10:07,654 - INFO - ðŸ“Š Submission log: 0 confirmed blocks from 0 submissions
2025-12-16 16:56:28,387 - INFO - âœ… Configuration loaded from /media/phantomcore/AI_DRIVE/AI_Shit_mining/new testing/December 15 production ready bitcoin mining system/config.json
2025-12-16 16:56:28,391 - INFO - âœ… ZMQ configuration loaded from config.json: ['rawblock', 'hashblock']
2025-12-16 16:56:30,190 - INFO - âœ… Brain.QTL file structure initialized via Brainstem
2025-12-16 16:56:30,199 - INFO - âœ… Configuration loaded from /media/phantomcore/AI_DRIVE/AI_Shit_mining/new testing/December 15 production ready bitcoin mining system/config.json
2025-12-16 16:56:30,199 - INFO - ðŸ” Checking Bitcoin node connectivity...
2025-12-16 16:56:30,235 - INFO - ðŸ”„ Fetching fresh block template from Bitcoin node...
2025-12-16 16:56:31,339 - INFO - âœ… Fresh template retrieved:
2025-12-16 16:56:31,342 - INFO -    ðŸ§± Height: 928190
2025-12-16 16:56:31,342 - INFO -    ðŸ“¦ Transactions: 3088
2025-12-16 16:56:31,342 - INFO -    ðŸŽ¯ Target: 0000000000000000...
2025-12-16 16:56:31,343 - INFO -    ðŸ”— Previous: 0000000000000000...
2025-12-16 16:56:31,345 - INFO - ðŸ§¹ Cleaning up temporary files for new template...
2025-12-16 16:56:31,361 - INFO - âœ… No temporary files needed cleaning
2025-12-16 16:56:32,359 - INFO - âœ… GPS enhancement added: target_nonce=2555775292
2025-12-16 16:56:32,621 - INFO - âœ… Template saved to centralized location: /media/phantomcore/AI_DRIVE/AI_Shit_mining/new testing/December 15 production ready bitcoin mining system/Mining/Temporary Template/current_template.json
2025-12-16 16:56:32,899 - INFO - ðŸ“ Ensuring all essential Bitcoin mining files are created...
2025-12-16 16:56:32,900 - INFO - âœ… CLEAN organized file structure initialization complete
2025-12-16 16:56:32,901 - INFO - ðŸ“ Structure: Mining/Ledgers/Year/Month/Day/Hour/, Mining/{Ledger,Template,System}/
2025-12-16 16:56:32,902 - INFO - ðŸš€ Ensuring Bitcoin node is running...
2025-12-16 16:56:33,116 - INFO - âœ… Bitcoin node is ready
2025-12-16 16:56:33,117 - INFO - ðŸ“¡ Setting up ZMQ real-time block monitoring...
2025-12-16 16:56:33,216 - INFO - âœ… ZMQ context created successfully
2025-12-16 16:56:33,220 - INFO - ðŸ“¡ ZMQ connected: rawblock -> tcp://127.0.0.1:28333
2025-12-16 16:56:33,223 - INFO - ðŸ“¡ ZMQ connected: hashblock -> tcp://127.0.0.1:28335
2025-12-16 16:57:09,693 - INFO - âœ… Configuration loaded from /media/phantomcore/AI_DRIVE/AI_Shit_mining/new testing/December 15 production ready bitcoin mining system/config.json
2025-12-16 16:57:09,694 - INFO - âœ… ZMQ configuration loaded from config.json: ['rawblock', 'hashblock']
2025-12-16 16:57:13,165 - INFO - âœ… Brain.QTL file structure initialized via Brainstem
2025-12-16 16:57:13,168 - INFO - âœ… Configuration loaded from /media/phantomcore/AI_DRIVE/AI_Shit_mining/new testing/December 15 production ready bitcoin mining system/config.json
2025-12-16 16:57:13,169 - INFO - ðŸ” Checking Bitcoin node connectivity...
2025-12-16 16:57:13,179 - INFO - ðŸ”„ Fetching fresh block template from Bitcoin node...
2025-12-16 16:57:13,847 - INFO - âœ… Fresh template retrieved:
2025-12-16 16:57:13,847 - INFO -    ðŸ§± Height: 928190
2025-12-16 16:57:13,847 - INFO -    ðŸ“¦ Transactions: 2841
2025-12-16 16:57:13,847 - INFO -    ðŸŽ¯ Target: 0000000000000000...
2025-12-16 16:57:13,847 - INFO -    ðŸ”— Previous: 0000000000000000...
2025-12-16 16:57:13,851 - INFO - ðŸ§¹ Cleaning up temporary files for new template...
2025-12-16 16:57:13,867 - INFO - âœ… No temporary files needed cleaning
2025-12-16 16:57:15,107 - INFO - âœ… GPS enhancement added: target_nonce=2555775292
2025-12-16 16:57:15,260 - INFO - âœ… Template saved to centralized location: /media/phantomcore/AI_DRIVE/AI_Shit_mining/new testing/December 15 production ready bitcoin mining system/Mining/Temporary Template/current_template.json
2025-12-16 16:57:15,550 - INFO - ðŸ“ Ensuring all essential Bitcoin mining files are created...
2025-12-16 16:57:15,550 - INFO - âœ… CLEAN organized file structure initialization complete
2025-12-16 16:57:15,551 - INFO - ðŸ“ Structure: Mining/Ledgers/Year/Month/Day/Hour/, Mining/{Ledger,Template,System}/
2025-12-16 16:57:15,551 - INFO - ðŸš€ Ensuring Bitcoin node is running...
2025-12-16 16:57:15,833 - INFO - âœ… Bitcoin node is ready
2025-12-16 16:57:15,852 - INFO - ðŸ“¡ Setting up ZMQ real-time block monitoring...
2025-12-16 16:57:15,926 - INFO - âœ… ZMQ context created successfully
2025-12-16 16:57:15,930 - INFO - ðŸ“¡ ZMQ connected: rawblock -> tcp://127.0.0.1:28333
2025-12-16 16:57:15,933 - INFO - ðŸ“¡ ZMQ connected: hashblock -> tcp://127.0.0.1:28335
